<?xml version="1.0" encoding="UTF-8"?>
<!-- Generated by org.testng.reporters.JUnitReportReporter -->
<testsuite hostname="BANWNITHINCH01" name="google.DailyStatus" tests="1" failures="0" timestamp="24 Nov 2015 09:17:52 GMT" time="23.678" errors="0">
  <testcase name="firefox" time="23.678" classname="google.DailyStatus"/>
</testsuite> <!-- google.DailyStatus -->
