<?xml version="1.0" encoding="UTF-8"?>
<!-- Generated by org.testng.reporters.JUnitReportReporter -->
<testsuite hostname="BANWNITHINCH01" name="google.Sheet" tests="1" failures="0" timestamp="25 Nov 2015 09:46:37 GMT" time="20.331" errors="0">
  <testcase name="firefox" time="20.331" classname="google.Sheet"/>
</testsuite> <!-- google.Sheet -->
