<?xml version="1.0" encoding="UTF-8"?>
<!-- Generated by org.testng.reporters.JUnitReportReporter -->
<testsuite hostname="BANWNITHINCH01" name="mmt.Makemytrip" tests="1" failures="0" timestamp="20 Nov 2015 10:57:03 GMT" time="17.311" errors="0">
  <testcase name="firefox" time="17.311" classname="mmt.Makemytrip"/>
</testsuite> <!-- mmt.Makemytrip -->
